<?xml version="1.0" encoding="UTF-8"?>
<testng-results ignored="0" total="2" passed="2" failed="0" skipped="0">
  <reporter-output>
  </reporter-output>
  <suite started-at="2024-09-07T22:30:46 IST" name="Default suite" finished-at="2024-09-07T22:30:53 IST" duration-ms="7183">
    <groups>
    </groups>
    <test started-at="2024-09-07T22:30:46 IST" name="Default test" finished-at="2024-09-07T22:30:53 IST" duration-ms="7183">
      <class name="com.inetbanking_hybridframework.testcases.NewCustomerPageTestCases">
        <test-method is-config="true" signature="init()[pri:0, instance:com.inetbanking_hybridframework.testcases.NewCustomerPageTestCases@13c9d689]" started-at="2024-09-07T22:30:46 IST" name="init" finished-at="2024-09-07T22:30:46 IST" duration-ms="10" status="PASS">
          <reporter-output>
          </reporter-output>
        </test-method> <!-- init -->
        <test-method is-config="true" signature="setUp(java.lang.String)[pri:0, instance:com.inetbanking_hybridframework.testcases.NewCustomerPageTestCases@13c9d689]" started-at="2024-09-07T22:30:46 IST" name="setUp" finished-at="2024-09-07T22:30:51 IST" duration-ms="5111" status="PASS">
          <params>
            <param index="0">
              <value>
                <![CDATA[Chrome]]>
              </value>
            </param>
          </params>
          <reporter-output>
          </reporter-output>
        </test-method> <!-- setUp -->
        <test-method is-config="true" signature="initialisePageObjects()[pri:0, instance:com.inetbanking_hybridframework.testcases.NewCustomerPageTestCases@13c9d689]" started-at="2024-09-07T22:30:51 IST" name="initialisePageObjects" finished-at="2024-09-07T22:30:52 IST" duration-ms="1321" status="PASS">
          <reporter-output>
          </reporter-output>
        </test-method> <!-- initialisePageObjects -->
        <test-method signature="validateNewCustomerPageTitle()[pri:1, instance:com.inetbanking_hybridframework.testcases.NewCustomerPageTestCases@13c9d689]" started-at="2024-09-07T22:30:52 IST" name="validateNewCustomerPageTitle" finished-at="2024-09-07T22:30:53 IST" duration-ms="509" status="PASS">
          <reporter-output>
          </reporter-output>
        </test-method> <!-- validateNewCustomerPageTitle -->
        <test-method signature="validateNewCustomerPageHeader()[pri:2, instance:com.inetbanking_hybridframework.testcases.NewCustomerPageTestCases@13c9d689]" started-at="2024-09-07T22:30:53 IST" name="validateNewCustomerPageHeader" finished-at="2024-09-07T22:30:53 IST" duration-ms="43" status="PASS">
          <reporter-output>
          </reporter-output>
        </test-method> <!-- validateNewCustomerPageHeader -->
        <test-method is-config="true" signature="teardown()[pri:0, instance:com.inetbanking_hybridframework.testcases.NewCustomerPageTestCases@13c9d689]" started-at="2024-09-07T22:30:53 IST" name="teardown" finished-at="2024-09-07T22:30:53 IST" duration-ms="140" status="PASS">
          <reporter-output>
          </reporter-output>
        </test-method> <!-- teardown -->
      </class> <!-- com.inetbanking_hybridframework.testcases.NewCustomerPageTestCases -->
    </test> <!-- Default test -->
  </suite> <!-- Default suite -->
</testng-results>
