<?xml version="1.0" encoding="UTF-8"?>
<!-- Generated by org.testng.reporters.JUnitXMLReporter -->
<testsuite ignored="0" hostname="LAPTOP-UM9ID17S" failures="0" tests="2" name="Test" time="12.047" errors="0" timestamp="2024-09-05T00:17:18 IST">
  <testcase classname="com.inetbanking_hybridframeworkTestCases.LoginPageTestCases" name="validateLoginPageTitle" time="0.023"/>
  <testcase classname="com.inetbanking_hybridframeworkTestCases.LoginPageTestCases" name="validateLoginFunctionality" time="4.317"/>
</testsuite> <!-- Test -->
